Arguments: 
  /home/damar/.nvm/versions/node/v17.9.1/bin/node /usr/bin/yarn add express

PATH: 
  /home/damar/.nvm/versions/node/v17.9.1/bin:/home/damar/.local/share/pnpm:/home/damar/.local/bin:/home/damar/.cargo/bin:/home/damar/.local/bin:/usr/local/sbin:/usr/local/bin:/usr/bin:/opt/android-sdk/cmdline-tools/latest/bin:/opt/android-sdk/platform-tools:/opt/android-sdk/tools:/opt/android-sdk/tools/bin:/home/damar/.dotnet/tools:/opt/flutter/bin:/usr/lib/jvm/default/bin:/usr/bin/site_perl:/usr/bin/vendor_perl:/usr/bin/core_perl:/var/lib/snapd/snap/bin:/opt/android-sdk/cmdline-tools/latest/bin:/opt/android-sdk/platform-tools:/opt/android-sdk/tools:/opt/android-sdk/tools/bin:/opt/flutter/bin:/usr/lib/jvm/default/bin

Yarn version: 
  1.22.19

Node version: 
  17.9.1

Platform: 
  linux x64

Trace: 
  Error: getaddrinfo EAI_AGAIN registry.yarnpkg.com
      at GetAddrInfoReqWrap.onlookup [as oncomplete] (node:dns:82:26)

npm manifest: 
  {
    "name": "iot",
    "version": "1.0.0",
    "main": "index.js",
    "license": "MIT"
  }

yarn manifest: 
  No manifest

Lockfile: 
  No lockfile
